<?xml version="1.0" encoding="UTF-8"?>
<testng-results ignored="0" total="1" passed="1" failed="0" skipped="0">
  <reporter-output>
  </reporter-output>
  <suite started-at="2019-12-19T19:41:18 EST" name="Surefire suite" finished-at="2019-12-19T19:41:18 EST" duration-ms="14">
    <groups>
    </groups>
    <test started-at="2019-12-19T19:41:18 EST" name="Surefire test" finished-at="2019-12-19T19:41:18 EST" duration-ms="14">
      <class name="SriMavenPractice.SriMavenPractice.AppTest">
        <test-method signature="testApp()[pri:0, instance:testApp(SriMavenPractice.SriMavenPractice.AppTest)]" started-at="2019-12-19T19:41:18 EST" name="testApp" finished-at="2019-12-19T19:41:18 EST" duration-ms="1" status="PASS">
          <reporter-output>
          </reporter-output>
        </test-method> <!-- testApp -->
      </class> <!-- SriMavenPractice.SriMavenPractice.AppTest -->
    </test> <!-- Surefire test -->
  </suite> <!-- Surefire suite -->
</testng-results>
