<?xml version="1.0" encoding="UTF-8"?>
<testng-results ignored="0" total="1" passed="1" failed="0" skipped="0">
  <reporter-output>
  </reporter-output>
  <suite started-at="2019-12-19T19:40:46 EST" name="Surefire suite" finished-at="2019-12-19T19:41:18 EST" duration-ms="31851">
    <groups>
    </groups>
    <test started-at="2019-12-19T19:40:46 EST" name="Surefire test" finished-at="2019-12-19T19:41:18 EST" duration-ms="31851">
      <class name="MavenPractice.NewTest">
        <test-method is-config="true" signature="beforeTest()[pri:0, instance:MavenPractice.NewTest@103f852]" started-at="2019-12-19T19:40:46 EST" name="beforeTest" finished-at="2019-12-19T19:41:01 EST" duration-ms="15566" status="PASS">
          <reporter-output>
          </reporter-output>
        </test-method> <!-- beforeTest -->
        <test-method signature="ExecuteTest()[pri:0, instance:MavenPractice.NewTest@103f852]" started-at="2019-12-19T19:41:01 EST" name="ExecuteTest" finished-at="2019-12-19T19:41:17 EST" duration-ms="15201" status="PASS">
          <reporter-output>
          </reporter-output>
        </test-method> <!-- ExecuteTest -->
        <test-method is-config="true" signature="afterTest()[pri:0, instance:MavenPractice.NewTest@103f852]" started-at="2019-12-19T19:41:17 EST" name="afterTest" finished-at="2019-12-19T19:41:18 EST" duration-ms="1026" status="PASS">
          <reporter-output>
          </reporter-output>
        </test-method> <!-- afterTest -->
      </class> <!-- MavenPractice.NewTest -->
    </test> <!-- Surefire test -->
  </suite> <!-- Surefire suite -->
</testng-results>
